<?xml version="1.0" encoding="UTF-8"?>
<testng-results ignored="0" total="1" passed="1" failed="0" skipped="0">
  <reporter-output>
  </reporter-output>
  <suite started-at="2022-09-07T23:20:03 IST" name="Suite" finished-at="2022-09-07T23:20:08 IST" duration-ms="5013">
    <groups>
      <group name="cucumber">
        <method signature="AbstractTestNGCucumberTests.runScenario(io.cucumber.testng.PickleWrapper,io.cucumber.testng.FeatureWrapper)[pri:0, instance:in.Sauce.testscripts.TestRunner@229c6181]" name="runScenario" class="io.cucumber.testng.AbstractTestNGCucumberTests"/>
      </group> <!-- cucumber -->
    </groups>
    <test started-at="2022-09-07T23:20:03 IST" name="Test" finished-at="2022-09-07T23:20:08 IST" duration-ms="5013">
      <class name="in.Sauce.testscripts.TestRunner">
        <test-method is-config="true" signature="setUpClass(org.testng.ITestContext)[pri:0, instance:in.Sauce.testscripts.TestRunner@229c6181]" started-at="2022-09-07T23:20:03 IST" name="setUpClass" finished-at="2022-09-07T23:20:04 IST" duration-ms="396" status="PASS">
          <params>
            <param index="0">
              <value>
                <![CDATA[org.testng.TestRunner@6dd36ab6]]>
              </value>
            </param>
          </params>
          <reporter-output>
          </reporter-output>
        </test-method> <!-- setUpClass -->
        <test-method signature="runScenario(io.cucumber.testng.PickleWrapper,io.cucumber.testng.FeatureWrapper)[pri:0, instance:in.Sauce.testscripts.TestRunner@229c6181]" started-at="2022-09-07T23:20:04 IST" name="runScenario" description="Runs Cucumber Scenarios" data-provider="scenarios" finished-at="2022-09-07T23:20:08 IST" duration-ms="4564" status="PASS">
          <params>
            <param index="0">
              <value>
                <![CDATA["A user should be able to order a Backbag successfully on Sauce"]]>
              </value>
            </param>
            <param index="1">
              <value>
                <![CDATA["Order a Backbag"]]>
              </value>
            </param>
          </params>
          <reporter-output>
          </reporter-output>
        </test-method> <!-- runScenario -->
        <test-method is-config="true" signature="tearDownClass()[pri:0, instance:in.Sauce.testscripts.TestRunner@229c6181]" started-at="2022-09-07T23:20:08 IST" name="tearDownClass" finished-at="2022-09-07T23:20:08 IST" duration-ms="29" status="PASS">
          <reporter-output>
          </reporter-output>
        </test-method> <!-- tearDownClass -->
      </class> <!-- in.Sauce.testscripts.TestRunner -->
    </test> <!-- Test -->
  </suite> <!-- Suite -->
</testng-results>
