<?xml version="1.0" encoding="UTF-8"?>
<testng-results ignored="0" total="2" passed="2" failed="0" skipped="0">
  <reporter-output>
  </reporter-output>
  <suite started-at="2022-11-12T15:11:48 IST" name="Default suite" finished-at="2022-11-12T15:11:50 IST" duration-ms="1707">
    <groups>
    </groups>
    <test started-at="2022-11-12T15:11:48 IST" name="Default test" finished-at="2022-11-12T15:11:50 IST" duration-ms="1707">
      <class name="GoRest.PostRequest">
        <test-method is-config="true" signature="setUp()[pri:0, instance:GoRest.PostRequest@8462f31]" started-at="2022-11-12T15:11:48 IST" name="setUp" finished-at="2022-11-12T15:11:48 IST" duration-ms="75" status="PASS">
          <reporter-output>
          </reporter-output>
        </test-method> <!-- setUp -->
        <test-method signature="postData()[pri:0, instance:GoRest.PostRequest@8462f31]" started-at="2022-11-12T15:11:48 IST" name="postData" finished-at="2022-11-12T15:11:48 IST" duration-ms="223" status="PASS">
          <reporter-output>
          </reporter-output>
        </test-method> <!-- postData -->
        <test-method signature="createdResource()[pri:1, instance:GoRest.PostRequest@8462f31]" started-at="2022-11-12T15:11:48 IST" name="createdResource" finished-at="2022-11-12T15:11:50 IST" duration-ms="1381" status="PASS">
          <reporter-output>
          </reporter-output>
        </test-method> <!-- createdResource -->
      </class> <!-- GoRest.PostRequest -->
    </test> <!-- Default test -->
  </suite> <!-- Default suite -->
</testng-results>
